nohup: Eingabe wird ignoriert
qt.qpa.xcb: could not connect to display 
qt.qpa.plugin: Could not load the Qt platform plugin "xcb" in "" even though it was found.
This application failed to start because no Qt platform plugin could be initialized. Reinstalling the application may fix this problem.

Available platform plugins are: linuxfb, minimal, offscreen, vnc, xcb.

Aborted
connect: Verbindungsaufbau abgelehnt
GKS: can't connect to GKS socket application

GKS: Open failed in routine OPEN_WS
GKS: GKS not in proper state. GKS must be either in the state WSOP or WSAC in routine ACTIVATE_WS
qt.qpa.xcb: could not connect to display 
qt.qpa.plugin: Could not load the Qt platform plugin "xcb" in "" even though it was found.
This application failed to start because no Qt platform plugin could be initialized. Reinstalling the application may fix this problem.

Available platform plugins are: linuxfb, minimal, offscreen, vnc, xcb.

Aborted
connect: Verbindungsaufbau abgelehnt
GKS: can't connect to GKS socket application

GKS: Open failed in routine OPEN_WS
GKS: GKS not in proper state. GKS must be either in the state WSOP or WSAC in routine ACTIVATE_WS
qt.qpa.xcb: could not connect to display 
qt.qpa.plugin: Could not load the Qt platform plugin "xcb" in "" even though it was found.
This application failed to start because no Qt platform plugin could be initialized. Reinstalling the application may fix this problem.

Available platform plugins are: linuxfb, minimal, offscreen, vnc, xcb.

Aborted
connect: Verbindungsaufbau abgelehnt
GKS: can't connect to GKS socket application

GKS: Open failed in routine OPEN_WS
GKS: GKS not in proper state. GKS must be either in the state WSOP or WSAC in routine ACTIVATE_WS
qt.qpa.xcb: could not connect to display 
qt.qpa.plugin: Could not load the Qt platform plugin "xcb" in "" even though it was found.
This application failed to start because no Qt platform plugin could be initialized. Reinstalling the application may fix this problem.

Available platform plugins are: linuxfb, minimal, offscreen, vnc, xcb.

Aborted
connect: Verbindungsaufbau abgelehnt
GKS: can't connect to GKS socket application

GKS: Open failed in routine OPEN_WS
GKS: GKS not in proper state. GKS must be either in the state WSOP or WSAC in routine ACTIVATE_WS
qt.qpa.xcb: could not connect to display 
qt.qpa.plugin: Could not load the Qt platform plugin "xcb" in "" even though it was found.
This application failed to start because no Qt platform plugin could be initialized. Reinstalling the application may fix this problem.

Available platform plugins are: linuxfb, minimal, offscreen, vnc, xcb.

Aborted
connect: Verbindungsaufbau abgelehnt
GKS: can't connect to GKS socket application

GKS: Open failed in routine OPEN_WS
GKS: GKS not in proper state. GKS must be either in the state WSOP or WSAC in routine ACTIVATE_WS
qt.qpa.xcb: could not connect to display 
qt.qpa.plugin: Could not load the Qt platform plugin "xcb" in "" even though it was found.
This application failed to start because no Qt platform plugin could be initialized. Reinstalling the application may fix this problem.

Available platform plugins are: linuxfb, minimal, offscreen, vnc, xcb.

Aborted
connect: Verbindungsaufbau abgelehnt
GKS: can't connect to GKS socket application

GKS: Open failed in routine OPEN_WS
GKS: GKS not in proper state. GKS must be either in the state WSOP or WSAC in routine ACTIVATE_WS
qt.qpa.xcb: could not connect to display 
qt.qpa.plugin: Could not load the Qt platform plugin "xcb" in "" even though it was found.
This application failed to start because no Qt platform plugin could be initialized. Reinstalling the application may fix this problem.

Available platform plugins are: linuxfb, minimal, offscreen, vnc, xcb.

Aborted
connect: Verbindungsaufbau abgelehnt
GKS: can't connect to GKS socket application

GKS: Open failed in routine OPEN_WS
GKS: GKS not in proper state. GKS must be either in the state WSOP or WSAC in routine ACTIVATE_WS
qt.qpa.xcb: could not connect to display 
qt.qpa.plugin: Could not load the Qt platform plugin "xcb" in "" even though it was found.
This application failed to start because no Qt platform plugin could be initialized. Reinstalling the application may fix this problem.

Available platform plugins are: linuxfb, minimal, offscreen, vnc, xcb.

Aborted
connect: Verbindungsaufbau abgelehnt
GKS: can't connect to GKS socket application

GKS: Open failed in routine OPEN_WS
GKS: GKS not in proper state. GKS must be either in the state WSOP or WSAC in routine ACTIVATE_WS
qt.qpa.xcb: could not connect to display 
qt.qpa.plugin: Could not load the Qt platform plugin "xcb" in "" even though it was found.
This application failed to start because no Qt platform plugin could be initialized. Reinstalling the application may fix this problem.

Available platform plugins are: linuxfb, minimal, offscreen, vnc, xcb.

Aborted
connect: Verbindungsaufbau abgelehnt
GKS: can't connect to GKS socket application

GKS: Open failed in routine OPEN_WS
GKS: GKS not in proper state. GKS must be either in the state WSOP or WSAC in routine ACTIVATE_WS
qt.qpa.xcb: could not connect to display 
qt.qpa.plugin: Could not load the Qt platform plugin "xcb" in "" even though it was found.
This application failed to start because no Qt platform plugin could be initialized. Reinstalling the application may fix this problem.

Available platform plugins are: linuxfb, minimal, offscreen, vnc, xcb.

Aborted
connect: Verbindungsaufbau abgelehnt
GKS: can't connect to GKS socket application

GKS: Open failed in routine OPEN_WS
GKS: GKS not in proper state. GKS must be either in the state WSOP or WSAC in routine ACTIVATE_WS
qt.qpa.xcb: could not connect to display 
qt.qpa.plugin: Could not load the Qt platform plugin "xcb" in "" even though it was found.
This application failed to start because no Qt platform plugin could be initialized. Reinstalling the application may fix this problem.

Available platform plugins are: linuxfb, minimal, offscreen, vnc, xcb.

Aborted
connect: Verbindungsaufbau abgelehnt
GKS: can't connect to GKS socket application

GKS: Open failed in routine OPEN_WS
GKS: GKS not in proper state. GKS must be either in the state WSOP or WSAC in routine ACTIVATE_WS
qt.qpa.xcb: could not connect to display 
qt.qpa.plugin: Could not load the Qt platform plugin "xcb" in "" even though it was found.
This application failed to start because no Qt platform plugin could be initialized. Reinstalling the application may fix this problem.

Available platform plugins are: linuxfb, minimal, offscreen, vnc, xcb.

Aborted
connect: Verbindungsaufbau abgelehnt
GKS: can't connect to GKS socket application

GKS: Open failed in routine OPEN_WS
GKS: GKS not in proper state. GKS must be either in the state WSOP or WSAC in routine ACTIVATE_WS
qt.qpa.xcb: could not connect to display 
qt.qpa.plugin: Could not load the Qt platform plugin "xcb" in "" even though it was found.
This application failed to start because no Qt platform plugin could be initialized. Reinstalling the application may fix this problem.

Available platform plugins are: linuxfb, minimal, offscreen, vnc, xcb.

Aborted
connect: Verbindungsaufbau abgelehnt
GKS: can't connect to GKS socket application

GKS: Open failed in routine OPEN_WS
GKS: GKS not in proper state. GKS must be either in the state WSOP or WSAC in routine ACTIVATE_WS
qt.qpa.xcb: could not connect to display 
qt.qpa.plugin: Could not load the Qt platform plugin "xcb" in "" even though it was found.
This application failed to start because no Qt platform plugin could be initialized. Reinstalling the application may fix this problem.

Available platform plugins are: linuxfb, minimal, offscreen, vnc, xcb.

Aborted
connect: Verbindungsaufbau abgelehnt
GKS: can't connect to GKS socket application

GKS: Open failed in routine OPEN_WS
GKS: GKS not in proper state. GKS must be either in the state WSOP or WSAC in routine ACTIVATE_WS
qt.qpa.xcb: could not connect to display 
qt.qpa.plugin: Could not load the Qt platform plugin "xcb" in "" even though it was found.
This application failed to start because no Qt platform plugin could be initialized. Reinstalling the application may fix this problem.

Available platform plugins are: linuxfb, minimal, offscreen, vnc, xcb.

Aborted
connect: Verbindungsaufbau abgelehnt
GKS: can't connect to GKS socket application

GKS: Open failed in routine OPEN_WS
GKS: GKS not in proper state. GKS must be either in the state WSOP or WSAC in routine ACTIVATE_WS
qt.qpa.xcb: could not connect to display 
qt.qpa.plugin: Could not load the Qt platform plugin "xcb" in "" even though it was found.
This application failed to start because no Qt platform plugin could be initialized. Reinstalling the application may fix this problem.

Available platform plugins are: linuxfb, minimal, offscreen, vnc, xcb.

Aborted
connect: Verbindungsaufbau abgelehnt
GKS: can't connect to GKS socket application

GKS: Open failed in routine OPEN_WS
GKS: GKS not in proper state. GKS must be either in the state WSOP or WSAC in routine ACTIVATE_WS
qt.qpa.xcb: could not connect to display 
qt.qpa.plugin: Could not load the Qt platform plugin "xcb" in "" even though it was found.
This application failed to start because no Qt platform plugin could be initialized. Reinstalling the application may fix this problem.

Available platform plugins are: linuxfb, minimal, offscreen, vnc, xcb.

Aborted
connect: Verbindungsaufbau abgelehnt
GKS: can't connect to GKS socket application

GKS: Open failed in routine OPEN_WS
GKS: GKS not in proper state. GKS must be either in the state WSOP or WSAC in routine ACTIVATE_WS
qt.qpa.xcb: could not connect to display 
qt.qpa.plugin: Could not load the Qt platform plugin "xcb" in "" even though it was found.
This application failed to start because no Qt platform plugin could be initialized. Reinstalling the application may fix this problem.

Available platform plugins are: linuxfb, minimal, offscreen, vnc, xcb.

Aborted
connect: Verbindungsaufbau abgelehnt
GKS: can't connect to GKS socket application

GKS: Open failed in routine OPEN_WS
GKS: GKS not in proper state. GKS must be either in the state WSOP or WSAC in routine ACTIVATE_WS
qt.qpa.xcb: could not connect to display 
qt.qpa.plugin: Could not load the Qt platform plugin "xcb" in "" even though it was found.
This application failed to start because no Qt platform plugin could be initialized. Reinstalling the application may fix this problem.

Available platform plugins are: linuxfb, minimal, offscreen, vnc, xcb.

Aborted
connect: Verbindungsaufbau abgelehnt
GKS: can't connect to GKS socket application

GKS: Open failed in routine OPEN_WS
GKS: GKS not in proper state. GKS must be either in the state WSOP or WSAC in routine ACTIVATE_WS
qt.qpa.xcb: could not connect to display 
qt.qpa.plugin: Could not load the Qt platform plugin "xcb" in "" even though it was found.
This application failed to start because no Qt platform plugin could be initialized. Reinstalling the application may fix this problem.

Available platform plugins are: linuxfb, minimal, offscreen, vnc, xcb.

Aborted
connect: Verbindungsaufbau abgelehnt
GKS: can't connect to GKS socket application

GKS: Open failed in routine OPEN_WS
GKS: GKS not in proper state. GKS must be either in the state WSOP or WSAC in routine ACTIVATE_WS
qt.qpa.xcb: could not connect to display 
qt.qpa.plugin: Could not load the Qt platform plugin "xcb" in "" even though it was found.
This application failed to start because no Qt platform plugin could be initialized. Reinstalling the application may fix this problem.

Available platform plugins are: linuxfb, minimal, offscreen, vnc, xcb.

Aborted
connect: Verbindungsaufbau abgelehnt
GKS: can't connect to GKS socket application

GKS: Open failed in routine OPEN_WS
GKS: GKS not in proper state. GKS must be either in the state WSOP or WSAC in routine ACTIVATE_WS
qt.qpa.xcb: could not connect to display 
qt.qpa.plugin: Could not load the Qt platform plugin "xcb" in "" even though it was found.
This application failed to start because no Qt platform plugin could be initialized. Reinstalling the application may fix this problem.

Available platform plugins are: linuxfb, minimal, offscreen, vnc, xcb.

Aborted
connect: Verbindungsaufbau abgelehnt
GKS: can't connect to GKS socket application

GKS: Open failed in routine OPEN_WS
GKS: GKS not in proper state. GKS must be either in the state WSOP or WSAC in routine ACTIVATE_WS
  Activating project at `/misc/rz_cloud/richter/how09898/.julia/dev/Damysos`
Startin Simulation:
Simulation{Float64}(GappedDirac{Float64}(0.10000000000000003, 11.394505859089692), GaussianPulse{Float64}(75.96337239393128, 0.3308534157539088, 0.7924871961688918, 0.0), NumericalParams1d{Float64}(0.01, 10.0, 0.1, -379.81686196965643), Observable{Float64}[Velocity{Float64}(Float64[], Float64[], Float64[])], UnitScaling{Float64}(6.582119569509068, 2.8303114148888993), 0x01, "σ=75.96337239393128", "/home/how09898/phd/data/hhgjl/Ensemble[4]{Float64}(1d)_GappedDirac_GaussianPulse_σ_sweep_b8bda43c05aba160/σ=75.96337239393128/", "/home/how09898/phd/plots/hhgjl/Ensemble[4]{Float64}(1d)_GappedDirac_GaussianPulse_σ_sweep_b8bda43c05aba160/σ=75.96337239393128/")
Saved Simulation data at /home/how09898/phd/data/hhgjl/Ensemble[4]{Float64}(1d)_GappedDirac_GaussianPulse_σ_sweep_b8bda43c05aba160/σ=75.96337239393128/data.csv
Saved plots at /home/how09898/phd/plots/hhgjl/Ensemble[4]{Float64}(1d)_GappedDirac_GaussianPulse_σ_sweep_b8bda43c05aba160/σ=75.96337239393128/
Simulation metadata saved at /home/how09898/phd/data/hhgjl/Ensemble[4]{Float64}(1d)_GappedDirac_GaussianPulse_σ_sweep_b8bda43c05aba160/σ=75.96337239393128/simulation.meta
Startin Simulation:
Simulation{Float64}(GappedDirac{Float64}(0.10000000000000003, 11.394505859089692), GaussianPulse{Float64}(37.98168619696564, 0.3308534157539088, 0.7924871961688918, 0.0), NumericalParams1d{Float64}(0.01, 10.0, 0.1, -379.81686196965643), Observable{Float64}[Velocity{Float64}(Float64[], Float64[], Float64[])], UnitScaling{Float64}(6.582119569509068, 2.8303114148888993), 0x01, "σ=37.98168619696564", "/home/how09898/phd/data/hhgjl/Ensemble[4]{Float64}(1d)_GappedDirac_GaussianPulse_σ_sweep_b8bda43c05aba160/σ=37.98168619696564/", "/home/how09898/phd/plots/hhgjl/Ensemble[4]{Float64}(1d)_GappedDirac_GaussianPulse_σ_sweep_b8bda43c05aba160/σ=37.98168619696564/")
Saved Simulation data at /home/how09898/phd/data/hhgjl/Ensemble[4]{Float64}(1d)_GappedDirac_GaussianPulse_σ_sweep_b8bda43c05aba160/σ=37.98168619696564/data.csv
Saved plots at /home/how09898/phd/plots/hhgjl/Ensemble[4]{Float64}(1d)_GappedDirac_GaussianPulse_σ_sweep_b8bda43c05aba160/σ=37.98168619696564/
Simulation metadata saved at /home/how09898/phd/data/hhgjl/Ensemble[4]{Float64}(1d)_GappedDirac_GaussianPulse_σ_sweep_b8bda43c05aba160/σ=37.98168619696564/simulation.meta
Startin Simulation:
Simulation{Float64}(GappedDirac{Float64}(0.10000000000000003, 11.394505859089692), GaussianPulse{Float64}(18.99084309848282, 0.3308534157539088, 0.7924871961688918, 0.0), NumericalParams1d{Float64}(0.01, 10.0, 0.1, -379.81686196965643), Observable{Float64}[Velocity{Float64}(Float64[], Float64[], Float64[])], UnitScaling{Float64}(6.582119569509068, 2.8303114148888993), 0x01, "σ=18.99084309848282", "/home/how09898/phd/data/hhgjl/Ensemble[4]{Float64}(1d)_GappedDirac_GaussianPulse_σ_sweep_b8bda43c05aba160/σ=18.99084309848282/", "/home/how09898/phd/plots/hhgjl/Ensemble[4]{Float64}(1d)_GappedDirac_GaussianPulse_σ_sweep_b8bda43c05aba160/σ=18.99084309848282/")
Saved Simulation data at /home/how09898/phd/data/hhgjl/Ensemble[4]{Float64}(1d)_GappedDirac_GaussianPulse_σ_sweep_b8bda43c05aba160/σ=18.99084309848282/data.csv
Saved plots at /home/how09898/phd/plots/hhgjl/Ensemble[4]{Float64}(1d)_GappedDirac_GaussianPulse_σ_sweep_b8bda43c05aba160/σ=18.99084309848282/
Simulation metadata saved at /home/how09898/phd/data/hhgjl/Ensemble[4]{Float64}(1d)_GappedDirac_GaussianPulse_σ_sweep_b8bda43c05aba160/σ=18.99084309848282/simulation.meta
Startin Simulation:
Simulation{Float64}(GappedDirac{Float64}(0.10000000000000003, 11.394505859089692), GaussianPulse{Float64}(9.49542154924141, 0.3308534157539088, 0.7924871961688918, 0.0), NumericalParams1d{Float64}(0.01, 10.0, 0.1, -379.81686196965643), Observable{Float64}[Velocity{Float64}(Float64[], Float64[], Float64[])], UnitScaling{Float64}(6.582119569509068, 2.8303114148888993), 0x01, "σ=9.49542154924141", "/home/how09898/phd/data/hhgjl/Ensemble[4]{Float64}(1d)_GappedDirac_GaussianPulse_σ_sweep_b8bda43c05aba160/σ=9.49542154924141/", "/home/how09898/phd/plots/hhgjl/Ensemble[4]{Float64}(1d)_GappedDirac_GaussianPulse_σ_sweep_b8bda43c05aba160/σ=9.49542154924141/")
Saved Simulation data at /home/how09898/phd/data/hhgjl/Ensemble[4]{Float64}(1d)_GappedDirac_GaussianPulse_σ_sweep_b8bda43c05aba160/σ=9.49542154924141/data.csv
Saved plots at /home/how09898/phd/plots/hhgjl/Ensemble[4]{Float64}(1d)_GappedDirac_GaussianPulse_σ_sweep_b8bda43c05aba160/σ=9.49542154924141/
Simulation metadata saved at /home/how09898/phd/data/hhgjl/Ensemble[4]{Float64}(1d)_GappedDirac_GaussianPulse_σ_sweep_b8bda43c05aba160/σ=9.49542154924141/simulation.meta
Ensemble metadata save at /home/how09898/phd/data/hhgjl/Ensemble[4]{Float64}(1d)_GappedDirac_GaussianPulse_σ_sweep_b8bda43c05aba160/ensemble.meta
