nohup: Eingabe wird ignoriert
  Activating project at `/misc/rz_cloud/richter/how09898/.julia/dev/Damysos`
Startin Simulation:
Simulation{Float64}(GappedDirac{Float64}(0.10000000000000003, 7.596337239393128), GaussianPulse{Float64}(25.321124131310427, 0.4962801236308632, 1.4151557074444499, 0.0), NumericalParams2d{Float64}(0.01, 0.1, 10.0, 1.0, 0.1, -126.60562065655213), Observable{Float64}[Velocity{Float64}(Float64[], Float64[], Float64[])], UnitScaling{Float64}(6.582119569509068, 2.8303114148888993), 0x02, "dky=0.1", "/home/how09898/phd/data/hhgjl/Ensemble[4]{Float64}(2d)_GappedDirac_GaussianPulse_dky_sweep_e3c00d5f96a7c870/dky=0.1/", "/home/how09898/phd/plots/hhgjl/Ensemble[4]{Float64}(2d)_GappedDirac_GaussianPulse_dky_sweep_e3c00d5f96a7c870/dky=0.1/")
50.0%
100.0%
Saved Simulation data at /home/how09898/phd/data/hhgjl/Ensemble[4]{Float64}(2d)_GappedDirac_GaussianPulse_dky_sweep_e3c00d5f96a7c870/dky=0.1/data.csv
Saved plots at /home/how09898/phd/plots/hhgjl/Ensemble[4]{Float64}(2d)_GappedDirac_GaussianPulse_dky_sweep_e3c00d5f96a7c870/dky=0.1/
Simulation metadata saved at /home/how09898/phd/data/hhgjl/Ensemble[4]{Float64}(2d)_GappedDirac_GaussianPulse_dky_sweep_e3c00d5f96a7c870/dky=0.1/simulation.meta
Startin Simulation:
Simulation{Float64}(GappedDirac{Float64}(0.10000000000000003, 7.596337239393128), GaussianPulse{Float64}(25.321124131310427, 0.4962801236308632, 1.4151557074444499, 0.0), NumericalParams2d{Float64}(0.01, 0.07, 10.0, 1.0, 0.1, -126.60562065655213), Observable{Float64}[Velocity{Float64}(Float64[], Float64[], Float64[])], UnitScaling{Float64}(6.582119569509068, 2.8303114148888993), 0x02, "dky=0.07", "/home/how09898/phd/data/hhgjl/Ensemble[4]{Float64}(2d)_GappedDirac_GaussianPulse_dky_sweep_e3c00d5f96a7c870/dky=0.07/", "/home/how09898/phd/plots/hhgjl/Ensemble[4]{Float64}(2d)_GappedDirac_GaussianPulse_dky_sweep_e3c00d5f96a7c870/dky=0.07/")
33.333333333333336%
66.66666666666667%
100.0%
Saved Simulation data at /home/how09898/phd/data/hhgjl/Ensemble[4]{Float64}(2d)_GappedDirac_GaussianPulse_dky_sweep_e3c00d5f96a7c870/dky=0.07/data.csv
Saved plots at /home/how09898/phd/plots/hhgjl/Ensemble[4]{Float64}(2d)_GappedDirac_GaussianPulse_dky_sweep_e3c00d5f96a7c870/dky=0.07/
Simulation metadata saved at /home/how09898/phd/data/hhgjl/Ensemble[4]{Float64}(2d)_GappedDirac_GaussianPulse_dky_sweep_e3c00d5f96a7c870/dky=0.07/simulation.meta
Startin Simulation:
Simulation{Float64}(GappedDirac{Float64}(0.10000000000000003, 7.596337239393128), GaussianPulse{Float64}(25.321124131310427, 0.4962801236308632, 1.4151557074444499, 0.0), NumericalParams2d{Float64}(0.01, 0.04000000000000001, 10.0, 1.0, 0.1, -126.60562065655213), Observable{Float64}[Velocity{Float64}(Float64[], Float64[], Float64[])], UnitScaling{Float64}(6.582119569509068, 2.8303114148888993), 0x02, "dky=0.04000000000000001", "/home/how09898/phd/data/hhgjl/Ensemble[4]{Float64}(2d)_GappedDirac_GaussianPulse_dky_sweep_e3c00d5f96a7c870/dky=0.04000000000000001/", "/home/how09898/phd/plots/hhgjl/Ensemble[4]{Float64}(2d)_GappedDirac_GaussianPulse_dky_sweep_e3c00d5f96a7c870/dky=0.04000000000000001/")
20.0%
40.0%
60.0%
80.0%
100.0%
Saved Simulation data at /home/how09898/phd/data/hhgjl/Ensemble[4]{Float64}(2d)_GappedDirac_GaussianPulse_dky_sweep_e3c00d5f96a7c870/dky=0.04000000000000001/data.csv
Saved plots at /home/how09898/phd/plots/hhgjl/Ensemble[4]{Float64}(2d)_GappedDirac_GaussianPulse_dky_sweep_e3c00d5f96a7c870/dky=0.04000000000000001/
Simulation metadata saved at /home/how09898/phd/data/hhgjl/Ensemble[4]{Float64}(2d)_GappedDirac_GaussianPulse_dky_sweep_e3c00d5f96a7c870/dky=0.04000000000000001/simulation.meta
Startin Simulation:
Simulation{Float64}(GappedDirac{Float64}(0.10000000000000003, 7.596337239393128), GaussianPulse{Float64}(25.321124131310427, 0.4962801236308632, 1.4151557074444499, 0.0), NumericalParams2d{Float64}(0.01, 0.01, 10.0, 1.0, 0.1, -126.60562065655213), Observable{Float64}[Velocity{Float64}(Float64[], Float64[], Float64[])], UnitScaling{Float64}(6.582119569509068, 2.8303114148888993), 0x02, "dky=0.01", "/home/how09898/phd/data/hhgjl/Ensemble[4]{Float64}(2d)_GappedDirac_GaussianPulse_dky_sweep_e3c00d5f96a7c870/dky=0.01/", "/home/how09898/phd/plots/hhgjl/Ensemble[4]{Float64}(2d)_GappedDirac_GaussianPulse_dky_sweep_e3c00d5f96a7c870/dky=0.01/")
5.0%
10.0%
15.0%
20.0%
25.0%
30.0%
35.0%
40.0%
45.0%
50.0%
55.0%
60.0%
65.0%
70.0%
75.0%
80.0%
85.0%
90.0%
95.0%
100.0%
Saved Simulation data at /home/how09898/phd/data/hhgjl/Ensemble[4]{Float64}(2d)_GappedDirac_GaussianPulse_dky_sweep_e3c00d5f96a7c870/dky=0.01/data.csv
Saved plots at /home/how09898/phd/plots/hhgjl/Ensemble[4]{Float64}(2d)_GappedDirac_GaussianPulse_dky_sweep_e3c00d5f96a7c870/dky=0.01/
Simulation metadata saved at /home/how09898/phd/data/hhgjl/Ensemble[4]{Float64}(2d)_GappedDirac_GaussianPulse_dky_sweep_e3c00d5f96a7c870/dky=0.01/simulation.meta
Ensemble metadata save at /home/how09898/phd/data/hhgjl/Ensemble[4]{Float64}(2d)_GappedDirac_GaussianPulse_dky_sweep_e3c00d5f96a7c870/ensemble.meta
